<?xml version="1.0" encoding="UTF-8"?>
<testng-results skipped="0" failed="0" ignored="0" total="2" passed="2">
  <reporter-output>
  </reporter-output>
  <suite name="Surefire suite" duration-ms="36640" started-at="2020-03-22T14:12:49Z" finished-at="2020-03-22T14:13:25Z">
    <groups>
    </groups>
    <test name="Surefire test" duration-ms="36640" started-at="2020-03-22T14:12:49Z" finished-at="2020-03-22T14:13:25Z">
      <class name="com.google.crm.script.LoginTest">
        <test-method status="PASS" signature="open()[pri:0, instance:com.google.crm.script.LoginTest@7471b5]" name="open" is-config="true" duration-ms="33862" started-at="2020-03-22T14:12:49Z" finished-at="2020-03-22T14:13:23Z">
          <reporter-output>
          </reporter-output>
        </test-method> <!-- open -->
        <test-method status="PASS" signature="validatetitle()[pri:1, instance:com.google.crm.script.LoginTest@7471b5]" name="validatetitle" duration-ms="126" started-at="2020-03-22T14:13:23Z" finished-at="2020-03-22T14:13:24Z">
          <reporter-output>
          </reporter-output>
        </test-method> <!-- validatetitle -->
        <test-method status="PASS" signature="validatelogin()[pri:2, instance:com.google.crm.script.LoginTest@7471b5]" name="validatelogin" duration-ms="1942" started-at="2020-03-22T14:13:24Z" finished-at="2020-03-22T14:13:25Z">
          <reporter-output>
          </reporter-output>
        </test-method> <!-- validatelogin -->
      </class> <!-- com.google.crm.script.LoginTest -->
    </test> <!-- Surefire test -->
  </suite> <!-- Surefire suite -->
</testng-results>
